e:\working\docs\doc0\final\519v_plus\cs557_fp\debug\vc142.pdb
e:\working\docs\doc0\final\519v_plus\cs557_fp\debug\vc142.idb
e:\working\docs\doc0\final\519v_plus\cs557_fp\debug\main.obj
e:\working\docs\doc0\final\519v_plus\cs557_fp\debug\cs557_fp.exe
e:\working\docs\doc0\final\519v_plus\cs557_fp\debug\cs557_fp.ilk
e:\working\docs\doc0\final\519v_plus\cs557_fp\debug\cs557_fp.pdb
e:\working\docs\doc0\final\519v_plus\cs557_fp\debug\bmptotexture.obj
e:\working\docs\doc0\final\519v_plus\cs557_fp\debug\glslprogram.obj
e:\working\docs\doc0\final\519v_plus\cs557_fp\debug\grammar.obj
e:\working\docs\doc0\final\519v_plus\cs557_fp\debug\imgui.obj
e:\working\docs\doc0\final\519v_plus\cs557_fp\debug\imgui_draw.obj
e:\working\docs\doc0\final\519v_plus\cs557_fp\debug\imgui_impl_glfw.obj
e:\working\docs\doc0\final\519v_plus\cs557_fp\debug\imgui_impl_opengl2.obj
e:\working\docs\doc0\final\519v_plus\cs557_fp\debug\imgui_widgets.obj
e:\working\docs\doc0\final\519v_plus\cs557_fp\debug\vc141.idb
e:\working\docs\doc0\final\519v_plus\cs557_fp\debug\vc141.pdb
e:\working\docs\doc0\final\519v_plus\cs557_fp\debug\cs557_fp.tlog\cl.command.1.tlog
e:\working\docs\doc0\final\519v_plus\cs557_fp\debug\cs557_fp.tlog\cl.read.1.tlog
e:\working\docs\doc0\final\519v_plus\cs557_fp\debug\cs557_fp.tlog\cl.write.1.tlog
e:\working\docs\doc0\final\519v_plus\cs557_fp\debug\cs557_fp.tlog\link.command.1.tlog
e:\working\docs\doc0\final\519v_plus\cs557_fp\debug\cs557_fp.tlog\link.read.1.tlog
e:\working\docs\doc0\final\519v_plus\cs557_fp\debug\cs557_fp.tlog\link.write.1.tlog
